# JRE version: OpenJDK Runtime Environment (8.0_152-b06) (build 1.8.0_152-release-1136-b06)
# Java VM: OpenJDK 64-Bit Server VM (25.152-b06 mixed mode linux-amd64 compressed oops)
Heap:
 PSYoungGen      total 107008K, used 9713K [0x00000000e0000000, 0x00000000e8c80000, 0x0000000100000000)
  eden space 97280K, 0% used [0x00000000e0000000,0x00000000e0000000,0x00000000e5f00000)
  from space 9728K, 99% used [0x00000000e7980000,0x00000000e82fc4c8,0x00000000e8300000)
  to   space 6656K, 0% used [0x00000000e8600000,0x00000000e8600000,0x00000000e8c80000)
 ParOldGen       total 59392K, used 11578K [0x00000000a0000000, 0x00000000a3a00000, 0x00000000e0000000)
  object space 59392K, 19% used [0x00000000a0000000,0x00000000a0b4ea10,0x00000000a3a00000)
 Metaspace       used 34694K, capacity 35180K, committed 35416K, reserved 1079296K
  class space    used 4778K, capacity 4976K, committed 4992K, reserved 1048576K
GC Heap History (10 events):
Event: 1.224 GC heap after
Heap after GC invocations=3 (full 0):
 PSYoungGen      total 36864K, used 5104K [0x00000000e0000000, 0x00000000e4800000, 0x0000000100000000)
  eden space 31744K, 0% used [0x00000000e0000000,0x00000000e0000000,0x00000000e1f00000)
  from space 5120K, 99% used [0x00000000e1f00000,0x00000000e23fc3d0,0x00000000e2400000)
  to   space 5120K, 0% used [0x00000000e4300000,0x00000000e4300000,0x00000000e4800000)
 ParOldGen       total 84992K, used 1913K [0x00000000a0000000, 0x00000000a5300000, 0x00000000e0000000)
  object space 84992K, 2% used [0x00000000a0000000,0x00000000a01de4e0,0x00000000a5300000)
 Metaspace       used 13691K, capacity 13968K, committed 14208K, reserved 1060864K
  class space    used 1927K, capacity 2052K, committed 2176K, reserved 1048576K
}
Event: 1.579 GC heap before
{Heap before GC invocations=4 (full 0):
 PSYoungGen      total 36864K, used 36848K [0x00000000e0000000, 0x00000000e4800000, 0x0000000100000000)
  eden space 31744K, 100% used [0x00000000e0000000,0x00000000e1f00000,0x00000000e1f00000)
  from space 5120K, 99% used [0x00000000e1f00000,0x00000000e23fc3d0,0x00000000e2400000)
  to   space 5120K, 0% used [0x00000000e4300000,0x00000000e4300000,0x00000000e4800000)
 ParOldGen       total 84992K, used 1913K [0x00000000a0000000, 0x00000000a5300000, 0x00000000e0000000)
  object space 84992K, 2% used [0x00000000a0000000,0x00000000a01de4e0,0x00000000a5300000)
 Metaspace       used 16776K, capacity 17166K, committed 17408K, reserved 1064960K
  class space    used 2423K, capacity 2537K, committed 2560K, reserved 1048576K
Event: 1.587 GC heap after
Heap after GC invocations=4 (full 0):
 PSYoungGen      total 68608K, used 5088K [0x00000000e0000000, 0x00000000e4800000, 0x0000000100000000)
  eden space 63488K, 0% used [0x00000000e0000000,0x00000000e0000000,0x00000000e3e00000)
  from space 5120K, 99% used [0x00000000e4300000,0x00000000e47f8050,0x00000000e4800000)
  to   space 5120K, 0% used [0x00000000e3e00000,0x00000000e3e00000,0x00000000e4300000)
 ParOldGen       total 84992K, used 4762K [0x00000000a0000000, 0x00000000a5300000, 0x00000000e0000000)
  object space 84992K, 5% used [0x00000000a0000000,0x00000000a04a6b20,0x00000000a5300000)
 Metaspace       used 16776K, capacity 17166K, committed 17408K, reserved 1064960K
  class space    used 2423K, capacity 2537K, committed 2560K, reserved 1048576K
}
Event: 1.866 GC heap before
{Heap before GC invocations=5 (full 0):
 PSYoungGen      total 68608K, used 24636K [0x00000000e0000000, 0x00000000e4800000, 0x0000000100000000)
  eden space 63488K, 30% used [0x00000000e0000000,0x00000000e1316fb8,0x00000000e3e00000)
  from space 5120K, 99% used [0x00000000e4300000,0x00000000e47f8050,0x00000000e4800000)
  to   space 5120K, 0% used [0x00000000e3e00000,0x00000000e3e00000,0x00000000e4300000)
 ParOldGen       total 84992K, used 4762K [0x00000000a0000000, 0x00000000a5300000, 0x00000000e0000000)
  object space 84992K, 5% used [0x00000000a0000000,0x00000000a04a6b20,0x00000000a5300000)
 Metaspace       used 20748K, capacity 21070K, committed 21248K, reserved 1067008K
  class space    used 2902K, capacity 3049K, committed 3072K, reserved 1048576K
Event: 1.872 GC heap after
Heap after GC invocations=5 (full 0):
 PSYoungGen      total 68608K, used 5088K [0x00000000e0000000, 0x00000000e9000000, 0x0000000100000000)
  eden space 63488K, 0% used [0x00000000e0000000,0x00000000e0000000,0x00000000e3e00000)
  from space 5120K, 99% used [0x00000000e3e00000,0x00000000e42f8030,0x00000000e4300000)
  to   space 10240K, 0% used [0x00000000e8600000,0x00000000e8600000,0x00000000e9000000)
 ParOldGen       total 84992K, used 8172K [0x00000000a0000000, 0x00000000a5300000, 0x00000000e0000000)
  object space 84992K, 9% used [0x00000000a0000000,0x00000000a07fb2b0,0x00000000a5300000)
 Metaspace       used 20748K, capacity 21070K, committed 21248K, reserved 1067008K
  class space    used 2902K, capacity 3049K, committed 3072K, reserved 1048576K
}
Event: 1.872 GC heap before
{Heap before GC invocations=6 (full 1):
 PSYoungGen      total 68608K, used 5088K [0x00000000e0000000, 0x00000000e9000000, 0x0000000100000000)
  eden space 63488K, 0% used [0x00000000e0000000,0x00000000e0000000,0x00000000e3e00000)
  from space 5120K, 99% used [0x00000000e3e00000,0x00000000e42f8030,0x00000000e4300000)
  to   space 10240K, 0% used [0x00000000e8600000,0x00000000e8600000,0x00000000e9000000)
 ParOldGen       total 84992K, used 8172K [0x00000000a0000000, 0x00000000a5300000, 0x00000000e0000000)
  object space 84992K, 9% used [0x00000000a0000000,0x00000000a07fb2b0,0x00000000a5300000)
 Metaspace       used 20748K, capacity 21070K, committed 21248K, reserved 1067008K
  class space    used 2902K, capacity 3049K, committed 3072K, reserved 1048576K
Event: 1.896 GC heap after
Heap after GC invocations=6 (full 1):
 PSYoungGen      total 68608K, used 0K [0x00000000e0000000, 0x00000000e9000000, 0x0000000100000000)
  eden space 63488K, 0% used [0x00000000e0000000,0x00000000e0000000,0x00000000e3e00000)
  from space 5120K, 0% used [0x00000000e3e00000,0x00000000e3e00000,0x00000000e4300000)
  to   space 10240K, 0% used [0x00000000e8600000,0x00000000e8600000,0x00000000e9000000)
 ParOldGen       total 59392K, used 8523K [0x00000000a0000000, 0x00000000a3a00000, 0x00000000e0000000)
  object space 59392K, 14% used [0x00000000a0000000,0x00000000a0852eb0,0x00000000a3a00000)
 Metaspace       used 20748K, capacity 21070K, committed 21248K, reserved 1067008K
  class space    used 2902K, capacity 3049K, committed 3072K, reserved 1048576K
}
Event: 2.553 GC heap before
{Heap before GC invocations=7 (full 1):
 PSYoungGen      total 68608K, used 63488K [0x00000000e0000000, 0x00000000e9000000, 0x0000000100000000)
  eden space 63488K, 100% used [0x00000000e0000000,0x00000000e3e00000,0x00000000e3e00000)
  from space 5120K, 0% used [0x00000000e3e00000,0x00000000e3e00000,0x00000000e4300000)
  to   space 10240K, 0% used [0x00000000e8600000,0x00000000e8600000,0x00000000e9000000)
 ParOldGen       total 59392K, used 8523K [0x00000000a0000000, 0x00000000a3a00000, 0x00000000e0000000)
  object space 59392K, 14% used [0x00000000a0000000,0x00000000a0852eb0,0x00000000a3a00000)
 Metaspace       used 26107K, capacity 26536K, committed 26752K, reserved 1073152K
  class space    used 3586K, capacity 3710K, committed 3712K, reserved 1048576K
Event: 2.560 GC heap after
Heap after GC invocations=7 (full 1):
 PSYoungGen      total 103936K, used 6530K [0x00000000e0000000, 0x00000000e8c80000, 0x0000000100000000)
  eden space 97280K, 0% used [0x00000000e0000000,0x00000000e0000000,0x00000000e5f00000)
  from space 6656K, 98% used [0x00000000e8600000,0x00000000e8c608f8,0x00000000e8c80000)
  to   space 9728K, 0% used [0x00000000e7980000,0x00000000e7980000,0x00000000e8300000)
 ParOldGen       total 59392K, used 8531K [0x00000000a0000000, 0x00000000a3a00000, 0x00000000e0000000)
  object space 59392K, 14% used [0x00000000a0000000,0x00000000a0854eb0,0x00000000a3a00000)
 Metaspace       used 26107K, capacity 26536K, committed 26752K, reserved 1073152K
  class space    used 3586K, capacity 3710K, committed 3712K, reserved 1048576K
}
Event: 11.263 GC heap before
{Heap before GC invocations=8 (full 1):
 PSYoungGen      total 103936K, used 103230K [0x00000000e0000000, 0x00000000e8c80000, 0x0000000100000000)
  eden space 97280K, 99% used [0x00000000e0000000,0x00000000e5e6f158,0x00000000e5f00000)
  from space 6656K, 98% used [0x00000000e8600000,0x00000000e8c608f8,0x00000000e8c80000)
  to   space 9728K, 0% used [0x00000000e7980000,0x00000000e7980000,0x00000000e8300000)
 ParOldGen       total 59392K, used 8531K [0x00000000a0000000, 0x00000000a3a00000, 0x00000000e0000000)
  object space 59392K, 14% used [0x00000000a0000000,0x00000000a0854eb0,0x00000000a3a00000)
 Metaspace       used 34694K, capacity 35180K, committed 35416K, reserved 1079296K
  class space    used 4778K, capacity 4976K, committed 4992K, reserved 1048576K

